<?xml version="1.0" encoding="UTF-8"?>
<testsuite xmlns:xsi="http://www.w3.org/2001/XMLSchema-instance" xsi:noNamespaceSchemaLocation="https://maven.apache.org/surefire/maven-surefire-plugin/xsd/surefire-test-report.xsd" name="com.aptar.mes.auth.LoginTests" time="0.108" tests="4" errors="0" skipped="0" failures="0">
  <properties>
[...]
</properties>
  <testcase name="testLoginPasswordAccountExpiredException" classname="com.aptar.mes.auth.LoginTests" time="0.095"/>
  <testcase name="testLoginSuccess" classname="com.aptar.mes.auth.LoginTests" time="0.006"/>
  <testcase name="testLoginUsernameNotFoundException" classname="com.aptar.mes.auth.LoginTests" time="0.001"/>
  <testcase name="testLoginUserAccountExpiredException" classname="com.aptar.mes.auth.LoginTests" time="0.001"/>
</testsuite>